Detecting compiler hash for triplet arm64-windows...
Compiler found: C:/Program Files/Microsoft Visual Studio/18/Community/VC/Tools/MSVC/14.51.36231/bin/Hostarm64/arm64/cl.exe
The following packages are already installed:
  * boost-assert:arm64-windows@1.91.0
  * boost-cmake:arm64-windows@1.91.0
  * boost-config:arm64-windows@1.91.0
  * boost-container-hash:arm64-windows@1.91.0
  * boost-core:arm64-windows@1.91.0
  * boost-crc:arm64-windows@1.91.0
  * boost-describe:arm64-windows@1.91.0
  * boost-detail:arm64-windows@1.91.0
  * boost-headers:arm64-windows@1.91.0
  * boost-integer:arm64-windows@1.91.0
  * boost-io:arm64-windows@1.91.0
  * boost-mp11:arm64-windows@1.91.0
  * boost-mpl:arm64-windows@1.91.0
  * boost-predef:arm64-windows@1.91.0
  * boost-preprocessor:arm64-windows@1.91.0
  * boost-static-assert:arm64-windows@1.91.0
  * boost-throw-exception:arm64-windows@1.91.0
  * boost-type-index:arm64-windows@1.91.0
  * boost-type-traits:arm64-windows@1.91.0
  * boost-uninstall:arm64-windows@1.91.0
  * boost-utility:arm64-windows@1.91.0
  * boost-variant:arm64-windows@1.91.0
  * bzip2[core,tool]:arm64-windows@1.0.8#6
  * expat:arm64-windows@2.8.2
    libosmium:arm64-windows@2.23.1
  * lz4:arm64-windows@1.10.0
  * protozero:arm64-windows@1.8.2
  * vcpkg-boost:arm64-windows@2025-03-29
  * vcpkg-cmake:arm64-windows@2024-04-23
  * vcpkg-cmake-config:arm64-windows@2024-05-23
  * zlib:arm64-windows@1.3.2#1
libosmium is header-only and can be used from CMake via:

    find_path(OSMIUM_INCLUDE_DIRS "osmium/version.hpp")
    target_include_directories(main PRIVATE ${OSMIUM_INCLUDE_DIRS})

All requested installations completed successfully in: 418 us
